0 info it worked if it ends with ok
1 verbose cli [ '/home/andrew-new/.nvm/versions/node/v6.9.1/bin/node',
1 verbose cli   '/home/andrew-new/.nvm/versions/node/v6.9.1/bin/npm',
1 verbose cli   'publish' ]
2 info using npm@3.10.8
3 info using node@v6.9.1
4 verbose publish [ '.' ]
5 silly cache add args [ '.', null ]
6 verbose cache add spec .
7 silly cache add parsed spec Result {
7 silly cache add   raw: '.',
7 silly cache add   scope: null,
7 silly cache add   escapedName: null,
7 silly cache add   name: null,
7 silly cache add   rawSpec: '.',
7 silly cache add   spec: '/home/andrew-new/Dropbox/projects/reveal-md',
7 silly cache add   type: 'directory' }
8 verbose addLocalDirectory /home/andrew-new/.npm/reveal-md-atomized/0.3.5/package.tgz not in flight; packing
9 verbose correctMkdir /home/andrew-new/.npm correctMkdir not in flight; initializing
10 info lifecycle reveal-md-atomized@0.3.5~prepublish: reveal-md-atomized@0.3.5
11 silly lifecycle reveal-md-atomized@0.3.5~prepublish: no script for prepublish, continuing
12 verbose tar pack [ '/home/andrew-new/.npm/reveal-md-atomized/0.3.5/package.tgz',
12 verbose tar pack   '/home/andrew-new/Dropbox/projects/reveal-md' ]
13 verbose tarball /home/andrew-new/.npm/reveal-md-atomized/0.3.5/package.tgz
14 verbose folder /home/andrew-new/Dropbox/projects/reveal-md
15 verbose addLocalTarball adding from inside cache /home/andrew-new/.npm/reveal-md-atomized/0.3.5/package.tgz
16 verbose correctMkdir /home/andrew-new/.npm correctMkdir not in flight; initializing
17 silly cache afterAdd reveal-md-atomized@0.3.5
18 verbose afterAdd /home/andrew-new/.npm/reveal-md-atomized/0.3.5/package/package.json not in flight; writing
19 verbose correctMkdir /home/andrew-new/.npm correctMkdir not in flight; initializing
20 verbose afterAdd /home/andrew-new/.npm/reveal-md-atomized/0.3.5/package/package.json written
21 silly publish { name: 'reveal-md-atomized',
21 silly publish   description: 'reveal.js on steroids! Get beautiful reveal.js presentations from your Markdown files. (Atom Edition)',
21 silly publish   keywords: [ 'markdown', 'reveal', 'revealjs', 'html', 'server', 'cli' ],
21 silly publish   version: '0.3.5',
21 silly publish   repository: { type: 'git', url: 'git://github.com/amahon/reveal-md.git' },
21 silly publish   license: 'MIT',
21 silly publish   bin: { 'reveal-md': 'bin/cli.js' },
21 silly publish   scripts:
21 silly publish    { test: 'mocha',
21 silly publish      lint: 'eslint bin lib',
21 silly publish      fix: 'eslint bin lib --fix' },
21 silly publish   dependencies:
21 silly publish    { bluebird: '3.5.0',
21 silly publish      commander: '2.9.0',
21 silly publish      express: '4.15.3',
21 silly publish      'fs-extra': '3.0.1',
21 silly publish      glob: '7.1.2',
21 silly publish      got: '7.0.0',
21 silly publish      'highlight.js': '9.12.0',
21 silly publish      'image-data-uri': '1.0.0',
21 silly publish      livereload: '0.6.2',
21 silly publish      lodash: '4.17.4',
21 silly publish      mustache: '2.3.0',
21 silly publish      open: '0.0.5',
21 silly publish      'reveal.js': '3.5.0',
21 silly publish      'yaml-front-matter': '3.4.0' },
21 silly publish   devDependencies:
21 silly publish    { debug: '2.6.8',
21 silly publish      eslint: '4.0.0',
21 silly publish      'eslint-plugin-import': '2.3.0',
21 silly publish      expect: '1.20.2',
21 silly publish      mocha: '3.4.2' },
21 silly publish   engines: { node: '>=4' },
21 silly publish   bugs: { url: 'https://github.com/amahon/reveal-md/issues' },
21 silly publish   homepage: 'https://github.com/amahon/reveal-md#readme',
21 silly publish   main: 'index.js',
21 silly publish   directories: { test: 'test' },
21 silly publish   author:
21 silly publish    { name: 'Andrew Mahon',
21 silly publish      email: 'andrewmahon@fastmail.com',
21 silly publish      url: 'https://andrewmahon.info' },
21 silly publish   readme: '# reveal-md\n\n[reveal.js](http://lab.hakim.se/reveal-js/#/) on steroids! Get beautiful reveal.js presentations from your Markdown files.\n\n## Installation\n\n``` bash\nnpm install -g reveal-md\n```\n\n## Usage\n\n``` bash\nreveal-md path/to/my/slides.md\n```\n\nThis starts a local server and opens your Markdown file as a reveal.js presentation in the default browser. Remote resources are also possible:\n\n``` bash\nreveal-md https://raw.githubusercontent.com/webpro/reveal-md/master/demo/a.md\n```\n\n## Quick demo\n\nGet a quick preview with a few demo decks:\n\n``` bash\nreveal-md demo\n```\n\n## Features\n\n* Markdown\n* Theme\n* Highlight Theme\n* Custom Slide Separators\n* Custom Slide Attributes\n* reveal-md Options\n* Reveal.js Options\n* Speaker Notes\n* YAML Front Matter\n* Live Reload\n* Custom Scripts\n* Custom CSS\n* Pre-process Markdown\n* Print to PDF\n* Static Website\n* Disable Auto-open Browser\n* Directory Listing\n* Custom Port\n\n### Markdown\n\nThe Markdown feature of reveal.js is awesome, and has an easy (and configurable) syntax to separate slides. Use three dashes surrounded by two blank lines (`\\n---\\n`). Example:\n\n``` text\n# Title\n\n* Point 1\n* Point 2\n\n---\n\n## Second slide\n\n> Best quote ever.\n\nNote: speaker notes FTW!\n\n```\n\n### Theme\n\nOverride theme (default: `black`):\n\n``` bash\nreveal-md slides.md --theme solarized\n```\n\nSee [available themes](https://github.com/hakimel/reveal.js/tree/master/css/theme).\n\nOverride reveal theme with a custom one. In this example, the file must be at `./theme/my-custom.css`:\n\n``` bash\nreveal-md slides.md --theme my-custom\n```\n\nOverride reveal theme with a remote one (use rawgit.com because the url must allow cross-site access):\n\n``` bash\nreveal-md slides.md --theme https://rawgit.com/puzzle/pitc-revealjs-theme/master/theme/puzzle.css\n```\n\n### Highlight Theme\n\nOverride highlight theme (default: `zenburn`):\n\n``` bash\nreveal-md slides.md --highlight-theme github\n```\n\nSee [available themes](https://github.com/isagalaev/highlight.js/tree/master/src/styles).\n\n### Custom Slide Separators\n\nOverride slide separator (default: `\\n---\\n`):\n\n``` bash\nreveal-md slides.md --separator "^\\n\\n\\n"\n```\n\nOverride vertical/nested slide separator (default: `\\n----\\n`):\n\n``` bash\nreveal-md slides.md --vertical-separator "^\\n\\n"\n```\n\n### Custom Slide Attributes\n\nYou can use the [reveal.js slide attributes](https://github.com/hakimel/reveal.js#slide-attributes) functionality to add HTML attributes, e.g. custom backgrounds. Alternatively you could add an HTML `id` attribute to a specific slide and style it with your own CSS.\n\nIf you want yor second slide to have a png background:\n\n``` text\n# slide1\n\nThis slide has no background image.\n\n---\n\n<!-- .slide: data-background="./image1.png" -->\n# slide2\n\nThis one does!\n```\n\n### reveal-md Options\n\nYou can define options similar to command-line options in a `reveal-md.json` file that you should put in the root directory of the Markdown files. They\'ll be picked up automatically. Example:\n\n``` json\n{\n  "separator": "^\\n\\n\\n",\n  "verticalSeparator": "^\\n\\n"\n}\n```\n\n### Reveal.js Options\n\nYou can define Reveal.js [options](https://github.com/hakimel/reveal.js#configuration) in a `reveal.json` file that you should put in the root directory of the Markdown files. They\'ll be picked up automatically. Example:\n\n``` json\n{\n  "controls": true,\n  "progress": true\n}\n```\n\n### Speaker Notes\n\nYou can use the [speaker notes](https://github.com/hakimel/reveal.js#speaker-notes) feature by using a line starting with `Note:`.\n\n### YAML Front matter\n\nYou can set markdown options and revealoptions specific to your pressentation in the .md file with YAML\nfront matter header Jekyll style.\n\n```\n---\ntitle: Foobar\nseparator: <!--s-->\nverticalSeparator: <!--v-->\ntheme: solarized\nrevealOptions:\n    transition: \'fade\'\n---\nFoo\n\nNote: test note\n\n<!--s-->\n\n# Bar\n\n<!--v-->\n```\n\n### Live Reload\n\nUsing `-w` option changes to markdown files will trigger the browser to\nreload and thus display the changed presentation without the user having\nto reload the browser.\n\n### Custom Scripts\n\nInject custom scripts into the page:\n\n``` bash\nreveal-md slides.md --scripts script.js,another-script.js\n```\n\n### Custom CSS\n\nInject custom CSS into the page:\n\n``` bash\nreveal-md slides.md --css style.css,another-style.css\n```\n\n### Pre-process Markdown\n\n`reveal-md` can be given a markdown preprocessor script via the `--preprocessor` (or\n`-P`) option. This can be useful to implement custom tweaks on the document\nformat without having to dive into the guys of the Markdown parser.\n\nFor example, to have headers automatically create new slides, one could have\nthe script `preproc.js`:\n\n```javascript\n// headings trigger a new slide\n// headings with a caret (e.g., \'##^ foo`) trigger a new vertical slide\nmodule.exports = (markdown, options) => {\n  return markdown.split(\'\\n\').map((line, index) => {\n    if(!/^#/.test(line) || index === 0) return line;\n    const is_vertical = /#\\^/.test(line);\n    return (is_vertical ? \'\\n----\\n\\n\' : \'\\n---\\n\\n\') + line.replace(\'#^\', \'#\');\n  }).join(\'\\n\');\n};\n```\n\nand use it like this\n\n```bash\n$ reveal-md --preprocessor preproc.js slides.md\n```\n\n### Print to PDF\n\n*Requires phantomjs to be installed (preferably globally)*\n\nThis will create a PDF from the provided Markdown file and saves a PDF file:\n\n``` bash\nreveal-md slides.md --print slides.pdf\n```\n\n### Static Website\n\nThis will produce a standalone version of the passed file in HTML including static scripts and stylesheets.\nThe files are saved to the directory passed to the `--static` parameter, or `./_static` if not provided:\n\n```bash\nreveal-md slides.md --static _site\n```\n\n### Disable Auto-open Browser\n\nDisable to automatically open your web browser:\n\n``` bash\nreveal-md slides.md --disable-auto-open\n```\n\n### Directory Listing\n\nShow (recursive) directory listing of Markdown files:\n\n``` bash\nreveal-md dir/\n```\n\nShow directory listing of Markdown files in current directory:\n\n``` bash\nreveal-md\n```\n\n### Custom Port\n\nOverride port (default: `1948`):\n\n``` bash\nreveal-md slides.md --port 8888\n```\n\n## Related Projects & Alternatives\n\n* [Slides](https://slides.com/) is a place for creating, presenting and sharing slide decks.\n* [Sandstorm Hacker Slides](https://github.com/jacksingleton/hacker-slides) is a simple app that combines Ace Editor and RevealJS.\n* [Tools](https://github.com/hakimel/reveal.js/wiki/Plugins,-Tools-and-Hardware#tools) in the Plugins, Tools and Hardware section of Reveal.js.\n* [Org-Reveal](https://github.com/yjwen/org-reveal) exports Org-mode contents to Reveal.js HTML presentation.\n* [DeckTape](https://github.com/astefanutti/decktape) is a high-quality PDF exporter for HTML5 presentation frameworks.\n\n## License\n\n[MIT](http://webpro.mit-license.org)\n',
21 silly publish   readmeFilename: 'README.md',
21 silly publish   gitHead: '9fd13f448aae5520ed9ddba4ad4adb5c01783d41',
21 silly publish   _id: 'reveal-md-atomized@0.3.5',
21 silly publish   _shasum: 'd7541b96c691cfcc0ae9a32c1a62ea5e28c68b90',
21 silly publish   _from: '.' }
22 verbose getPublishConfig undefined
23 silly mapToRegistry name reveal-md-atomized
24 silly mapToRegistry using default registry
25 silly mapToRegistry registry https://registry.npmjs.org/
26 silly mapToRegistry data Result {
26 silly mapToRegistry   raw: 'reveal-md-atomized',
26 silly mapToRegistry   scope: null,
26 silly mapToRegistry   escapedName: 'reveal-md-atomized',
26 silly mapToRegistry   name: 'reveal-md-atomized',
26 silly mapToRegistry   rawSpec: '',
26 silly mapToRegistry   spec: 'latest',
26 silly mapToRegistry   type: 'tag' }
27 silly mapToRegistry uri https://registry.npmjs.org/reveal-md-atomized
28 verbose publish registryBase https://registry.npmjs.org/
29 silly publish uploading /home/andrew-new/.npm/reveal-md-atomized/0.3.5/package.tgz
30 verbose request uri https://registry.npmjs.org/reveal-md-atomized
31 verbose request sending authorization for write operation
32 info attempt registry request try #1 at 1:20:22 PM
33 verbose request using bearer token for auth
34 verbose request id 610ce5c74677fa7b
35 http request PUT https://registry.npmjs.org/reveal-md-atomized
36 http 403 https://registry.npmjs.org/reveal-md-atomized
37 verbose headers { 'content-type': 'application/json',
37 verbose headers   'cache-control': 'max-age=300',
37 verbose headers   'content-length': '95',
37 verbose headers   'accept-ranges': 'bytes',
37 verbose headers   date: 'Thu, 29 Jun 2017 17:20:23 GMT',
37 verbose headers   via: '1.1 varnish',
37 verbose headers   connection: 'keep-alive',
37 verbose headers   'x-served-by': 'cache-jfk8135-JFK',
37 verbose headers   'x-cache': 'MISS',
37 verbose headers   'x-cache-hits': '0',
37 verbose headers   'x-timer': 'S1498756823.596297,VS0,VE733',
37 verbose headers   vary: 'Accept-Encoding' }
38 verbose request invalidating /home/andrew-new/.npm/registry.npmjs.org/reveal-md-atomized on PUT
39 error publish Failed PUT 403
40 verbose stack Error: "You cannot publish over the previously published version 0.3.5." : reveal-md-atomized
40 verbose stack     at makeError (/home/andrew-new/.nvm/versions/node/v6.9.1/lib/node_modules/npm/node_modules/npm-registry-client/lib/request.js:302:12)
40 verbose stack     at CachingRegistryClient.<anonymous> (/home/andrew-new/.nvm/versions/node/v6.9.1/lib/node_modules/npm/node_modules/npm-registry-client/lib/request.js:290:14)
40 verbose stack     at Request._callback (/home/andrew-new/.nvm/versions/node/v6.9.1/lib/node_modules/npm/node_modules/npm-registry-client/lib/request.js:210:14)
40 verbose stack     at Request.self.callback (/home/andrew-new/.nvm/versions/node/v6.9.1/lib/node_modules/npm/node_modules/request/request.js:187:22)
40 verbose stack     at emitTwo (events.js:106:13)
40 verbose stack     at Request.emit (events.js:191:7)
40 verbose stack     at Request.<anonymous> (/home/andrew-new/.nvm/versions/node/v6.9.1/lib/node_modules/npm/node_modules/request/request.js:1044:10)
40 verbose stack     at emitOne (events.js:96:13)
40 verbose stack     at Request.emit (events.js:188:7)
40 verbose stack     at IncomingMessage.<anonymous> (/home/andrew-new/.nvm/versions/node/v6.9.1/lib/node_modules/npm/node_modules/request/request.js:965:12)
41 verbose statusCode 403
42 verbose pkgid reveal-md-atomized
43 verbose cwd /home/andrew-new/Dropbox/projects/reveal-md
44 error Linux 4.11.7-1-ck-ivybridge
45 error argv "/home/andrew-new/.nvm/versions/node/v6.9.1/bin/node" "/home/andrew-new/.nvm/versions/node/v6.9.1/bin/npm" "publish"
46 error node v6.9.1
47 error npm  v3.10.8
48 error code E403
49 error "You cannot publish over the previously published version 0.3.5." : reveal-md-atomized
50 error If you need help, you may report this error at:
50 error     <https://github.com/npm/npm/issues>
51 verbose exit [ 1, true ]
